Starting up webcamDaemon...

--- Configuration: ----------------------------
cfg_file:      /home/pi/klipper_config/webcam2.txt
camera:        auto
usb options:   -r 640x480 -f 10
raspi options: -r 1280x720 -f 10
http options:  -w ./www-mjpgstreamer -n -p 8081

Explicitly USB device: 
-----------------------------------------------

cfg_file:      /home/pi/klipper_config/webcam.txt
camera:        auto
usb options:   -r 1280x720 -f 10
raspi options: -r 1280x720 -f 10
http options:  -w ./www-mjpgstreamer -n

Explicitly USB device: 
-----------------------------------------------

Found video devices:
/dev/video0
/dev/video1
/dev/video10
/dev/video11
/dev/video12
/dev/video13
/dev/video14
/dev/video15
/dev/video16
config file='/home/pi/klipper_config/webcam2.txt':USB device was not set in options, start MJPG-streamer with the first found video device: /dev/video0
<13>Jan 30 08:50:02 pi: Starting USB webcam
Checking for VL805 (Raspberry Pi 4)...
  - It seems that you don't have VL805 (Raspberry Pi 4).
    There should be no problems with USB (a.k.a. select() timeout)
Running ./mjpg_streamer -o output_http.so -w ./www-mjpgstreamer -n -p 8081 -i input_uvc.so -r 640x480 -f 10 -d /dev/video0
MJPG Streamer Version: git rev: 310b29f4a94c46652b20c4b7b6e5cf24e532af39
 i: Using V4L2 device.: /dev/video0
 i: Desired Resolution: 640 x 480
 i: Frames Per Second.: 10
 i: Format............: JPEG
 i: TV-Norm...........: DEFAULT
UVCIOC_CTRL_ADD - Error at Pan (relative): Inappropriate ioctl for device (25)
UVCIOC_CTRL_ADD - Error at Tilt (relative): Inappropriate ioctl for device (25)
UVCIOC_CTRL_ADD - Error at Pan Reset: Inappropriate ioctl for device (25)
UVCIOC_CTRL_ADD - Error at Tilt Reset: Inappropriate ioctl for device (25)
UVCIOC_CTRL_ADD - Error at Pan/tilt Reset: Inappropriate ioctl for device (25)
UVCIOC_CTRL_ADD - Error at Focus (absolute): Inappropriate ioctl for device (25)
UVCIOC_CTRL_MAP - Error at Pan (relative): Inappropriate ioctl for device (25)
UVCIOC_CTRL_MAP - Error at Tilt (relative): Inappropriate ioctl for device (25)
UVCIOC_CTRL_MAP - Error at Pan Reset: Inappropriate ioctl for device (25)
UVCIOC_CTRL_MAP - Error at Tilt Reset: Inappropriate ioctl for device (25)
UVCIOC_CTRL_MAP - Error at Pan/tilt Reset: Inappropriate ioctl for device (25)
UVCIOC_CTRL_MAP - Error at Focus (absolute): Inappropriate ioctl for device (25)
UVCIOC_CTRL_MAP - Error at LED1 Mode: Inappropriate ioctl for device (25)
UVCIOC_CTRL_MAP - Error at LED1 Frequency: Inappropriate ioctl for device (25)
UVCIOC_CTRL_MAP - Error at Disable video processing: Inappropriate ioctl for device (25)
UVCIOC_CTRL_MAP - Error at Raw bits per pixel: Inappropriate ioctl for device (25)
 o: www-folder-path......: ./www-mjpgstreamer/
 o: HTTP TCP port........: 8081
 o: HTTP Listen Address..: (null)
 o: username:password....: disabled
 o: commands.............: disabled
config file='/home/pi/klipper_config/webcam.txt':USB device was not set in options, start MJPG-streamer with the first found video device: /dev/video1
<13>Jan 30 08:50:03 pi: Starting USB webcam
Checking for VL805 (Raspberry Pi 4)...
  - It seems that you don't have VL805 (Raspberry Pi 4).
    There should be no problems with USB (a.k.a. select() timeout)
Running ./mjpg_streamer -o output_http.so -w ./www-mjpgstreamer -n -i input_uvc.so -r 1280x720 -f 10 -d /dev/video1
MJPG Streamer Version: git rev: 310b29f4a94c46652b20c4b7b6e5cf24e532af39
 i: Using V4L2 device.: /dev/video1
 i: Desired Resolution: 1280 x 720
 i: Frames Per Second.: 10
 i: Format............: JPEG
 i: TV-Norm...........: DEFAULT
Unable to set format: 1196444237 res: 1280x720
Init v4L2 failed !! exit fatal
 i: init_VideoIn failed
Done bring up all configured video device

Goodbye...

